<?xml version="1.0" encoding="UTF-8"?>
<!-- Generated by org.testng.reporters.JUnitReportReporter -->
<testsuite skipped="0" hostname="SGNN50943991A" name="testngPractice.NewTestng" tests="1" failures="0" timestamp="17 May 2018 10:44:15 GMT" time="8.019" errors="0">
  <testcase name="f" time="8.019" classname="testngPractice.NewTestng"/>
</testsuite> <!-- testngPractice.NewTestng -->
